<?xml version="1.0" encoding="UTF-8"?>
<coverage generated="1744898230711" clover="3.2.0">
  <project timestamp="1744898230711" name="All files">
    <metrics statements="68" coveredstatements="58" conditionals="17" coveredconditionals="12" methods="28" coveredmethods="22" elements="113" coveredelements="92" complexity="0" loc="68" ncloc="68" packages="2" files="3" classes="3"/>
    <package name="src">
      <metrics statements="12" coveredstatements="5" conditionals="0" coveredconditionals="0" methods="5" coveredmethods="0"/>
      <file name="api.ts" path="D:\jabbarp_\work\zypsy\frontend\src\api.ts">
        <metrics statements="12" coveredstatements="5" conditionals="0" coveredconditionals="0" methods="5" coveredmethods="0"/>
        <line num="1" count="3" type="stmt"/>
        <line num="4" count="3" type="stmt"/>
        <line num="9" count="3" type="stmt"/>
        <line num="10" count="0" type="stmt"/>
        <line num="12" count="3" type="stmt"/>
        <line num="13" count="0" type="stmt"/>
        <line num="14" count="0" type="stmt"/>
        <line num="15" count="0" type="stmt"/>
        <line num="17" count="0" type="stmt"/>
        <line num="18" count="0" type="stmt"/>
        <line num="23" count="3" type="stmt"/>
        <line num="24" count="0" type="stmt"/>
      </file>
    </package>
    <package name="src.components">
      <metrics statements="56" coveredstatements="53" conditionals="17" coveredconditionals="12" methods="23" coveredmethods="22"/>
      <file name="PostsList.tsx" path="D:\jabbarp_\work\zypsy\frontend\src\components\PostsList.tsx">
        <metrics statements="53" coveredstatements="50" conditionals="17" coveredconditionals="12" methods="22" coveredmethods="21"/>
        <line num="1" count="1" type="stmt"/>
        <line num="2" count="1" type="stmt"/>
        <line num="7" count="1" type="stmt"/>
        <line num="8" count="1" type="stmt"/>
        <line num="9" count="1" type="stmt"/>
        <line num="15" count="1" type="stmt"/>
        <line num="16" count="1" type="stmt"/>
        <line num="17" count="1" type="stmt"/>
        <line num="24" count="1" type="stmt"/>
        <line num="28" count="12" type="stmt"/>
        <line num="29" count="12" type="cond" truecount="1" falsecount="0"/>
        <line num="38" count="12" type="stmt"/>
        <line num="40" count="2" type="stmt"/>
        <line num="41" count="2" type="stmt"/>
        <line num="42" count="2" type="cond" truecount="0" falsecount="1"/>
        <line num="43" count="4" type="cond" truecount="2" falsecount="0"/>
        <line num="45" count="2" type="stmt"/>
        <line num="48" count="0" type="cond" truecount="0" falsecount="2"/>
        <line num="49" count="2" type="stmt"/>
        <line num="51" count="2" type="stmt"/>
        <line num="59" count="12" type="stmt"/>
        <line num="60" count="10" type="stmt"/>
        <line num="62" count="4" type="stmt"/>
        <line num="67" count="12" type="stmt"/>
        <line num="69" count="12" type="stmt"/>
        <line num="72" count="10" type="cond" truecount="2" falsecount="0"/>
        <line num="73" count="6" type="stmt"/>
        <line num="74" count="12" type="stmt"/>
        <line num="78" count="12" type="cond" truecount="1" falsecount="0"/>
        <line num="79" count="2" type="stmt"/>
        <line num="86" count="10" type="stmt"/>
        <line num="87" count="12" type="stmt"/>
        <line num="88" count="6" type="stmt"/>
        <line num="91" count="10" type="stmt"/>
        <line num="101" count="12" type="stmt"/>
        <line num="106" count="24" type="stmt"/>
        <line num="114" count="12" type="stmt"/>
        <line num="115" count="12" type="stmt"/>
        <line num="126" count="24" type="stmt"/>
        <line num="127" count="18" type="stmt"/>
        <line num="128" count="18" type="stmt"/>
        <line num="132" count="18" type="stmt"/>
        <line num="135" count="18" type="cond" truecount="2" falsecount="0"/>
        <line num="136" count="12" type="stmt"/>
        <line num="138" count="6" type="stmt"/>
        <line num="142" count="18" type="stmt"/>
        <line num="146" count="1" type="cond" truecount="1" falsecount="1"/>
        <line num="147" count="1" type="stmt"/>
        <line num="148" count="1" type="stmt"/>
        <line num="150" count="0" type="stmt"/>
        <line num="151" count="0" type="stmt"/>
        <line num="163" count="2" type="stmt"/>
        <line num="164" count="2" type="stmt"/>
      </file>
      <file name="Skeleton.tsx" path="D:\jabbarp_\work\zypsy\frontend\src\components\Skeleton.tsx">
        <metrics statements="3" coveredstatements="3" conditionals="0" coveredconditionals="0" methods="1" coveredmethods="1"/>
        <line num="1" count="3" type="stmt"/>
        <line num="7" count="3" type="stmt"/>
        <line num="8" count="67" type="stmt"/>
      </file>
    </package>
  </project>
</coverage>
