{"D:\\jabbarp_\\work\\zypsy\\frontend\\src\\App.tsx": {"path":"D:\\jabbarp_\\work\\zypsy\\frontend\\src\\App.tsx","statementMap":{"0":{"start":{"line":7,"column":0},"end":{"line":7,"column":24}},"1":{"start":{"line":2,"column":0},"end":{"line":2,"column":51}},"2":{"start":{"line":3,"column":0},"end":{"line":3,"column":42}},"3":{"start":{"line":4,"column":0},"end":{"line":4,"column":53}},"4":{"start":{"line":5,"column":0},"end":{"line":5,"column":47}},"5":{"start":{"line":8,"column":54},"end":{"line":11,"column":4}},"6":{"start":{"line":9,"column":16},"end":{"line":9,"column":58}},"7":{"start":{"line":10,"column":4},"end":{"line":10,"column":38}},"8":{"start":{"line":13,"column":2},"end":{"line":18,"column":27}},"9":{"start":{"line":14,"column":4},"end":{"line":17,"column":6}},"10":{"start":{"line":20,"column":31},"end":{"line":24,"column":3}},"11":{"start":{"line":21,"column":4},"end":{"line":23,"column":6}},"12":{"start":{"line":22,"column":6},"end":{"line":22,"column":70}},"13":{"start":{"line":22,"column":45},"end":{"line":22,"column":53}},"14":{"start":{"line":26,"column":2},"end":{"line":49,"column":4}}},"fnMap":{"0":{"name":"App","decl":{"start":{"line":7,"column":24},"end":{"line":7,"column":27}},"loc":{"start":{"line":7,"column":27},"end":{"line":50,"column":1}}},"1":{"name":"(anonymous_11)","decl":{"start":{"line":8,"column":73},"end":{"line":8,"column":76}},"loc":{"start":{"line":8,"column":78},"end":{"line":11,"column":3}}},"2":{"name":"(anonymous_12)","decl":{"start":{"line":13,"column":12},"end":{"line":13,"column":15}},"loc":{"start":{"line":13,"column":17},"end":{"line":18,"column":3}}},"3":{"name":"(anonymous_13)","decl":{"start":{"line":20,"column":31},"end":{"line":20,"column":32}},"loc":{"start":{"line":20,"column":46},"end":{"line":24,"column":3}}},"4":{"name":"(anonymous_14)","decl":{"start":{"line":21,"column":26},"end":{"line":21,"column":27}},"loc":{"start":{"line":22,"column":6},"end":{"line":22,"column":70}}},"5":{"name":"(anonymous_15)","decl":{"start":{"line":22,"column":38},"end":{"line":22,"column":39}},"loc":{"start":{"line":22,"column":45},"end":{"line":22,"column":53}}}},"branchMap":{"0":{"loc":{"start":{"line":10,"column":11},"end":{"line":10,"column":37}},"type":"cond-expr","locations":[{"start":{"line":10,"column":17},"end":{"line":10,"column":32}},{"start":{"line":10,"column":35},"end":{"line":10,"column":37}}]},"1":{"loc":{"start":{"line":22,"column":6},"end":{"line":22,"column":70}},"type":"cond-expr","locations":[{"start":{"line":22,"column":26},"end":{"line":22,"column":54}},{"start":{"line":22,"column":57},"end":{"line":22,"column":70}}]}},"s":{"0":0,"1":0,"2":0,"3":0,"4":0,"5":0,"6":0,"7":0,"8":0,"9":0,"10":0,"11":0,"12":0,"13":0,"14":0},"f":{"0":0,"1":0,"2":0,"3":0,"4":0,"5":0},"b":{"0":[0,0],"1":[0,0]}}
,"D:\\jabbarp_\\work\\zypsy\\frontend\\src\\api.ts": {"path":"D:\\jabbarp_\\work\\zypsy\\frontend\\src\\api.ts","statementMap":{"0":{"start":{"line":1,"column":0},"end":{"line":1,"column":26}},"1":{"start":{"line":4,"column":13},"end":{"line":6,"column":3}},"2":{"start":{"line":9,"column":29},"end":{"line":10,"column":60}},"3":{"start":{"line":10,"column":2},"end":{"line":10,"column":60}},"4":{"start":{"line":10,"column":51},"end":{"line":10,"column":59}},"5":{"start":{"line":9,"column":13},"end":{"line":9,"column":29}},"6":{"start":{"line":11,"column":30},"end":{"line":12,"column":69}},"7":{"start":{"line":12,"column":2},"end":{"line":12,"column":69}},"8":{"start":{"line":12,"column":60},"end":{"line":12,"column":68}},"9":{"start":{"line":11,"column":13},"end":{"line":11,"column":30}},"10":{"start":{"line":15,"column":34},"end":{"line":18,"column":28}},"11":{"start":{"line":16,"column":2},"end":{"line":18,"column":28}},"12":{"start":{"line":18,"column":19},"end":{"line":18,"column":27}},"13":{"start":{"line":15,"column":13},"end":{"line":15,"column":34}}},"fnMap":{"0":{"name":"(anonymous_1)","decl":{"start":{"line":9,"column":29},"end":{"line":9,"column":32}},"loc":{"start":{"line":10,"column":2},"end":{"line":10,"column":60}}},"1":{"name":"(anonymous_2)","decl":{"start":{"line":10,"column":42},"end":{"line":10,"column":43}},"loc":{"start":{"line":10,"column":51},"end":{"line":10,"column":59}}},"2":{"name":"(anonymous_3)","decl":{"start":{"line":11,"column":30},"end":{"line":11,"column":31}},"loc":{"start":{"line":12,"column":2},"end":{"line":12,"column":69}}},"3":{"name":"(anonymous_4)","decl":{"start":{"line":12,"column":51},"end":{"line":12,"column":52}},"loc":{"start":{"line":12,"column":60},"end":{"line":12,"column":68}}},"4":{"name":"(anonymous_5)","decl":{"start":{"line":15,"column":34},"end":{"line":15,"column":35}},"loc":{"start":{"line":16,"column":2},"end":{"line":18,"column":28}}},"5":{"name":"(anonymous_6)","decl":{"start":{"line":18,"column":10},"end":{"line":18,"column":11}},"loc":{"start":{"line":18,"column":19},"end":{"line":18,"column":27}}}},"branchMap":{},"s":{"0":2,"1":2,"2":2,"3":0,"4":0,"5":2,"6":2,"7":0,"8":0,"9":2,"10":2,"11":0,"12":0,"13":2},"f":{"0":0,"1":0,"2":0,"3":0,"4":0,"5":0},"b":{}}
,"D:\\jabbarp_\\work\\zypsy\\frontend\\src\\components\\CategoryFilter.tsx": {"path":"D:\\jabbarp_\\work\\zypsy\\frontend\\src\\components\\CategoryFilter.tsx","statementMap":{"0":{"start":{"line":8,"column":0},"end":{"line":8,"column":24}},"1":{"start":{"line":1,"column":0},"end":{"line":1,"column":26}},"2":{"start":{"line":9,"column":2},"end":{"line":30,"column":4}},"3":{"start":{"line":15,"column":26},"end":{"line":15,"column":41}},"4":{"start":{"line":24,"column":26},"end":{"line":24,"column":40}}},"fnMap":{"0":{"name":"CategoryFilter","decl":{"start":{"line":8,"column":24},"end":{"line":8,"column":38}},"loc":{"start":{"line":8,"column":77},"end":{"line":31,"column":1}}},"1":{"name":"(anonymous_2)","decl":{"start":{"line":15,"column":20},"end":{"line":15,"column":23}},"loc":{"start":{"line":15,"column":26},"end":{"line":15,"column":41}}},"2":{"name":"(anonymous_3)","decl":{"start":{"line":24,"column":20},"end":{"line":24,"column":23}},"loc":{"start":{"line":24,"column":26},"end":{"line":24,"column":40}}}},"branchMap":{},"s":{"0":2,"1":2,"2":15,"3":1,"4":2},"f":{"0":15,"1":1,"2":2},"b":{}}
,"D:\\jabbarp_\\work\\zypsy\\frontend\\src\\components\\CategoryList.tsx": {"path":"D:\\jabbarp_\\work\\zypsy\\frontend\\src\\components\\CategoryList.tsx","statementMap":{"0":{"start":{"line":15,"column":0},"end":{"line":15,"column":24}},"1":{"start":{"line":1,"column":0},"end":{"line":1,"column":40}},"2":{"start":{"line":2,"column":0},"end":{"line":2,"column":78}},"3":{"start":{"line":3,"column":0},"end":{"line":3,"column":55}},"4":{"start":{"line":5,"column":0},"end":{"line":5,"column":46}},"5":{"start":{"line":6,"column":0},"end":{"line":6,"column":38}},"6":{"start":{"line":7,"column":0},"end":{"line":7,"column":24}},"7":{"start":{"line":8,"column":0},"end":{"line":8,"column":36}},"8":{"start":{"line":19,"column":13},"end":{"line":19,"column":29}},"9":{"start":{"line":20,"column":36},"end":{"line":22,"column":null}},"10":{"start":{"line":25,"column":22},"end":{"line":43,"column":4}},"11":{"start":{"line":27,"column":6},"end":{"line":27,"column":45}},"12":{"start":{"line":28,"column":23},"end":{"line":28,"column":66}},"13":{"start":{"line":29,"column":6},"end":{"line":31,"column":8}},"14":{"start":{"line":30,"column":8},"end":{"line":30,"column":80}},"15":{"start":{"line":30,"column":31},"end":{"line":30,"column":78}},"16":{"start":{"line":32,"column":6},"end":{"line":32,"column":26}},"17":{"start":{"line":35,"column":6},"end":{"line":35,"column":79}},"18":{"start":{"line":35,"column":29},"end":{"line":35,"column":79}},"19":{"start":{"line":37,"column":21},"end":{"line":37,"column":57}},"20":{"start":{"line":39,"column":6},"end":{"line":41,"column":8}},"21":{"start":{"line":45,"column":34},"end":{"line":45,"column":49}},"22":{"start":{"line":47,"column":18},"end":{"line":49,"column":16}},"23":{"start":{"line":48,"column":38},"end":{"line":48,"column":55}},"24":{"start":{"line":51,"column":2},"end":{"line":98,"column":4}},"25":{"start":{"line":57,"column":29},"end":{"line":57,"column":69}},"26":{"start":{"line":58,"column":29},"end":{"line":58,"column":46}},"27":{"start":{"line":61,"column":12},"end":{"line":61,"column":103}},"28":{"start":{"line":64,"column":10},"end":{"line":68,"column":11}},"29":{"start":{"line":65,"column":12},"end":{"line":65,"column":65}},"30":{"start":{"line":67,"column":12},"end":{"line":67,"column":52}},"31":{"start":{"line":70,"column":10},"end":{"line":94,"column":12}},"32":{"start":{"line":74,"column":16},"end":{"line":80,"column":17}},"33":{"start":{"line":75,"column":18},"end":{"line":75,"column":48}},"34":{"start":{"line":76,"column":18},"end":{"line":76,"column":57}},"35":{"start":{"line":78,"column":18},"end":{"line":78,"column":48}},"36":{"start":{"line":79,"column":18},"end":{"line":79,"column":55}},"37":{"start":{"line":89,"column":18},"end":{"line":89,"column":38}},"38":{"start":{"line":90,"column":18},"end":{"line":90,"column":84}}},"fnMap":{"0":{"name":"CategoryList","decl":{"start":{"line":15,"column":24},"end":{"line":15,"column":36}},"loc":{"start":{"line":18,"column":8},"end":{"line":99,"column":1}}},"1":{"name":"(anonymous_11)","decl":{"start":{"line":26,"column":14},"end":{"line":26,"column":19}},"loc":{"start":{"line":26,"column":32},"end":{"line":33,"column":5}}},"2":{"name":"(anonymous_12)","decl":{"start":{"line":29,"column":50},"end":{"line":29,"column":51}},"loc":{"start":{"line":30,"column":8},"end":{"line":30,"column":80}}},"3":{"name":"(anonymous_13)","decl":{"start":{"line":30,"column":16},"end":{"line":30,"column":17}},"loc":{"start":{"line":30,"column":31},"end":{"line":30,"column":78}}},"4":{"name":"(anonymous_14)","decl":{"start":{"line":34,"column":13},"end":{"line":34,"column":14}},"loc":{"start":{"line":34,"column":43},"end":{"line":36,"column":5}}},"5":{"name":"(anonymous_15)","decl":{"start":{"line":37,"column":15},"end":{"line":37,"column":18}},"loc":{"start":{"line":37,"column":21},"end":{"line":37,"column":57}}},"6":{"name":"(anonymous_16)","decl":{"start":{"line":38,"column":15},"end":{"line":38,"column":16}},"loc":{"start":{"line":38,"column":23},"end":{"line":42,"column":5}}},"7":{"name":"(anonymous_17)","decl":{"start":{"line":48,"column":24},"end":{"line":48,"column":25}},"loc":{"start":{"line":48,"column":38},"end":{"line":48,"column":55}}},"8":{"name":"(anonymous_18)","decl":{"start":{"line":56,"column":21},"end":{"line":56,"column":22}},"loc":{"start":{"line":56,"column":34},"end":{"line":95,"column":9}}},"9":{"name":"(anonymous_19)","decl":{"start":{"line":73,"column":23},"end":{"line":73,"column":26}},"loc":{"start":{"line":73,"column":28},"end":{"line":81,"column":15}}},"10":{"name":"(anonymous_20)","decl":{"start":{"line":88,"column":25},"end":{"line":88,"column":26}},"loc":{"start":{"line":88,"column":31},"end":{"line":91,"column":17}}}},"branchMap":{"0":{"loc":{"start":{"line":20,"column":16},"end":{"line":20,"column":31}},"type":"default-arg","locations":[{"start":{"line":20,"column":29},"end":{"line":20,"column":31}}]},"1":{"loc":{"start":{"line":29,"column":51},"end":{"line":29,"column":59}},"type":"default-arg","locations":[{"start":{"line":29,"column":57},"end":{"line":29,"column":59}}]},"2":{"loc":{"start":{"line":30,"column":31},"end":{"line":30,"column":78}},"type":"cond-expr","locations":[{"start":{"line":30,"column":60},"end":{"line":30,"column":67}},{"start":{"line":30,"column":70},"end":{"line":30,"column":78}}]},"3":{"loc":{"start":{"line":35,"column":6},"end":{"line":35,"column":79}},"type":"if","locations":[{"start":{"line":35,"column":6},"end":{"line":35,"column":79}}]},"4":{"loc":{"start":{"line":47,"column":18},"end":{"line":49,"column":16}},"type":"cond-expr","locations":[{"start":{"line":48,"column":6},"end":{"line":48,"column":56}},{"start":{"line":49,"column":6},"end":{"line":49,"column":16}}]},"5":{"loc":{"start":{"line":64,"column":10},"end":{"line":68,"column":11}},"type":"if","locations":[{"start":{"line":64,"column":10},"end":{"line":68,"column":11}},{"start":{"line":66,"column":17},"end":{"line":68,"column":11}}]},"6":{"loc":{"start":{"line":74,"column":16},"end":{"line":80,"column":17}},"type":"if","locations":[{"start":{"line":74,"column":16},"end":{"line":80,"column":17}},{"start":{"line":77,"column":23},"end":{"line":80,"column":17}}]}},"s":{"0":1,"1":1,"2":1,"3":1,"4":1,"5":1,"6":1,"7":1,"8":10,"9":10,"10":10,"11":1,"12":1,"13":1,"14":1,"15":2,"16":1,"17":0,"18":0,"19":1,"20":1,"21":10,"22":10,"23":2,"24":10,"25":11,"26":11,"27":11,"28":11,"29":0,"30":11,"31":11,"32":1,"33":0,"34":0,"35":1,"36":1,"37":1,"38":1},"f":{"0":10,"1":1,"2":1,"3":2,"4":0,"5":1,"6":1,"7":2,"8":11,"9":1,"10":1},"b":{"0":[4],"1":[0],"2":[1,1],"3":[0],"4":[1,9],"5":[0,11],"6":[0,1]}}
,"D:\\jabbarp_\\work\\zypsy\\frontend\\src\\components\\PostsList.tsx": {"path":"D:\\jabbarp_\\work\\zypsy\\frontend\\src\\components\\PostsList.tsx","statementMap":{"0":{"start":{"line":24,"column":0},"end":{"line":24,"column":24}},"1":{"start":{"line":2,"column":0},"end":{"line":2,"column":26}},"2":{"start":{"line":3,"column":0},"end":{"line":3,"column":null}},"3":{"start":{"line":8,"column":0},"end":{"line":8,"column":44}},"4":{"start":{"line":9,"column":0},"end":{"line":9,"column":36}},"5":{"start":{"line":10,"column":0},"end":{"line":10,"column":null}},"6":{"start":{"line":16,"column":0},"end":{"line":16,"column":38}},"7":{"start":{"line":17,"column":0},"end":{"line":17,"column":24}},"8":{"start":{"line":28,"column":13},"end":{"line":28,"column":29}},"9":{"start":{"line":29,"column":36},"end":{"line":36,"column":7}},"10":{"start":{"line":39,"column":22},"end":{"line":58,"column":4}},"11":{"start":{"line":41,"column":6},"end":{"line":41,"column":45}},"12":{"start":{"line":42,"column":19},"end":{"line":42,"column":62}},"13":{"start":{"line":43,"column":6},"end":{"line":45,"column":8}},"14":{"start":{"line":44,"column":8},"end":{"line":44,"column":51}},"15":{"start":{"line":44,"column":24},"end":{"line":44,"column":49}},"16":{"start":{"line":46,"column":6},"end":{"line":46,"column":22}},"17":{"start":{"line":49,"column":6},"end":{"line":49,"column":60}},"18":{"start":{"line":50,"column":21},"end":{"line":50,"column":57}},"19":{"start":{"line":52,"column":6},"end":{"line":56,"column":8}},"20":{"start":{"line":61,"column":23},"end":{"line":67,"column":4}},"21":{"start":{"line":62,"column":48},"end":{"line":66,"column":6}},"22":{"start":{"line":64,"column":21},"end":{"line":64,"column":46}},"23":{"start":{"line":70,"column":24},"end":{"line":76,"column":null}},"24":{"start":{"line":73,"column":23},"end":{"line":73,"column":43}},"25":{"start":{"line":74,"column":24},"end":{"line":74,"column":31}},"26":{"start":{"line":75,"column":20},"end":{"line":75,"column":47}},"27":{"start":{"line":80,"column":2},"end":{"line":86,"column":3}},"28":{"start":{"line":81,"column":4},"end":{"line":85,"column":6}},"29":{"start":{"line":89,"column":24},"end":{"line":92,"column":15}},"30":{"start":{"line":90,"column":19},"end":{"line":90,"column":52}},"31":{"start":{"line":91,"column":16},"end":{"line":91,"column":22}},"32":{"start":{"line":94,"column":2},"end":{"line":170,"column":4}},"33":{"start":{"line":104,"column":21},"end":{"line":104,"column":67}},"34":{"start":{"line":105,"column":8},"end":{"line":167,"column":10}},"35":{"start":{"line":116,"column":28},"end":{"line":116,"column":67}},"36":{"start":{"line":116,"column":51},"end":{"line":116,"column":65}},"37":{"start":{"line":117,"column":35},"end":{"line":117,"column":70}},"38":{"start":{"line":118,"column":35},"end":{"line":118,"column":47}},"39":{"start":{"line":122,"column":18},"end":{"line":122,"column":109}},"40":{"start":{"line":125,"column":16},"end":{"line":129,"column":17}},"41":{"start":{"line":126,"column":18},"end":{"line":126,"column":71}},"42":{"start":{"line":128,"column":18},"end":{"line":128,"column":58}},"43":{"start":{"line":132,"column":16},"end":{"line":161,"column":18}},"44":{"start":{"line":136,"column":22},"end":{"line":142,"column":23}},"45":{"start":{"line":137,"column":24},"end":{"line":137,"column":49}},"46":{"start":{"line":138,"column":24},"end":{"line":138,"column":58}},"47":{"start":{"line":140,"column":24},"end":{"line":140,"column":49}},"48":{"start":{"line":141,"column":24},"end":{"line":141,"column":56}},"49":{"start":{"line":153,"column":24},"end":{"line":153,"column":44}},"50":{"start":{"line":154,"column":24},"end":{"line":157,"column":27}}},"fnMap":{"0":{"name":"PostsList","decl":{"start":{"line":24,"column":24},"end":{"line":24,"column":33}},"loc":{"start":{"line":27,"column":8},"end":{"line":171,"column":1}}},"1":{"name":"(anonymous_2)","decl":{"start":{"line":40,"column":14},"end":{"line":40,"column":19}},"loc":{"start":{"line":40,"column":28},"end":{"line":47,"column":5}}},"2":{"name":"(anonymous_3)","decl":{"start":{"line":43,"column":50},"end":{"line":43,"column":51}},"loc":{"start":{"line":44,"column":8},"end":{"line":44,"column":51}}},"3":{"name":"(anonymous_4)","decl":{"start":{"line":44,"column":16},"end":{"line":44,"column":17}},"loc":{"start":{"line":44,"column":24},"end":{"line":44,"column":49}}},"4":{"name":"(anonymous_5)","decl":{"start":{"line":48,"column":13},"end":{"line":48,"column":14}},"loc":{"start":{"line":49,"column":6},"end":{"line":49,"column":60}}},"5":{"name":"(anonymous_6)","decl":{"start":{"line":50,"column":15},"end":{"line":50,"column":18}},"loc":{"start":{"line":50,"column":21},"end":{"line":50,"column":57}}},"6":{"name":"(anonymous_7)","decl":{"start":{"line":51,"column":15},"end":{"line":51,"column":16}},"loc":{"start":{"line":51,"column":23},"end":{"line":57,"column":5}}},"7":{"name":"(anonymous_8)","decl":{"start":{"line":62,"column":36},"end":{"line":62,"column":37}},"loc":{"start":{"line":62,"column":48},"end":{"line":66,"column":6}}},"8":{"name":"(anonymous_9)","decl":{"start":{"line":64,"column":15},"end":{"line":64,"column":18}},"loc":{"start":{"line":64,"column":21},"end":{"line":64,"column":46}}},"9":{"name":"(anonymous_10)","decl":{"start":{"line":73,"column":16},"end":{"line":73,"column":17}},"loc":{"start":{"line":73,"column":23},"end":{"line":73,"column":43}}},"10":{"name":"(anonymous_11)","decl":{"start":{"line":74,"column":17},"end":{"line":74,"column":18}},"loc":{"start":{"line":74,"column":24},"end":{"line":74,"column":31}}},"11":{"name":"(anonymous_12)","decl":{"start":{"line":75,"column":13},"end":{"line":75,"column":14}},"loc":{"start":{"line":75,"column":20},"end":{"line":75,"column":47}}},"12":{"name":"(anonymous_13)","decl":{"start":{"line":90,"column":12},"end":{"line":90,"column":13}},"loc":{"start":{"line":90,"column":19},"end":{"line":90,"column":52}}},"13":{"name":"(anonymous_14)","decl":{"start":{"line":91,"column":9},"end":{"line":91,"column":10}},"loc":{"start":{"line":91,"column":16},"end":{"line":91,"column":22}}},"14":{"name":"(anonymous_15)","decl":{"start":{"line":103,"column":17},"end":{"line":103,"column":18}},"loc":{"start":{"line":103,"column":23},"end":{"line":168,"column":7}}},"15":{"name":"(anonymous_16)","decl":{"start":{"line":115,"column":32},"end":{"line":115,"column":33}},"loc":{"start":{"line":115,"column":42},"end":{"line":162,"column":15}}},"16":{"name":"(anonymous_17)","decl":{"start":{"line":116,"column":44},"end":{"line":116,"column":45}},"loc":{"start":{"line":116,"column":51},"end":{"line":116,"column":65}}},"17":{"name":"(anonymous_18)","decl":{"start":{"line":135,"column":29},"end":{"line":135,"column":32}},"loc":{"start":{"line":135,"column":34},"end":{"line":143,"column":21}}},"18":{"name":"(anonymous_19)","decl":{"start":{"line":152,"column":31},"end":{"line":152,"column":32}},"loc":{"start":{"line":152,"column":37},"end":{"line":158,"column":23}}}},"branchMap":{"0":{"loc":{"start":{"line":29,"column":16},"end":{"line":29,"column":31}},"type":"default-arg","locations":[{"start":{"line":29,"column":29},"end":{"line":29,"column":31}}]},"1":{"loc":{"start":{"line":43,"column":51},"end":{"line":43,"column":59}},"type":"default-arg","locations":[{"start":{"line":43,"column":57},"end":{"line":43,"column":59}}]},"2":{"loc":{"start":{"line":44,"column":24},"end":{"line":44,"column":49}},"type":"cond-expr","locations":[{"start":{"line":44,"column":42},"end":{"line":44,"column":45}},{"start":{"line":44,"column":48},"end":{"line":44,"column":49}}]},"3":{"loc":{"start":{"line":49,"column":6},"end":{"line":49,"column":60}},"type":"binary-expr","locations":[{"start":{"line":49,"column":6},"end":{"line":49,"column":15}},{"start":{"line":49,"column":19},"end":{"line":49,"column":60}}]},"4":{"loc":{"start":{"line":53,"column":8},"end":{"line":55,"column":50}},"type":"cond-expr","locations":[{"start":{"line":54,"column":12},"end":{"line":54,"column":46}},{"start":{"line":55,"column":12},"end":{"line":55,"column":50}}]},"5":{"loc":{"start":{"line":73,"column":23},"end":{"line":73,"column":43}},"type":"binary-expr","locations":[{"start":{"line":73,"column":23},"end":{"line":73,"column":29}},{"start":{"line":73,"column":33},"end":{"line":73,"column":43}}]},"6":{"loc":{"start":{"line":80,"column":2},"end":{"line":86,"column":3}},"type":"if","locations":[{"start":{"line":80,"column":2},"end":{"line":86,"column":3}}]},"7":{"loc":{"start":{"line":125,"column":16},"end":{"line":129,"column":17}},"type":"if","locations":[{"start":{"line":125,"column":16},"end":{"line":129,"column":17}},{"start":{"line":127,"column":23},"end":{"line":129,"column":17}}]},"8":{"loc":{"start":{"line":136,"column":22},"end":{"line":142,"column":23}},"type":"if","locations":[{"start":{"line":136,"column":22},"end":{"line":142,"column":23}},{"start":{"line":139,"column":29},"end":{"line":142,"column":23}}]}},"s":{"0":1,"1":1,"2":1,"3":1,"4":1,"5":1,"6":1,"7":1,"8":8,"9":8,"10":8,"11":1,"12":1,"13":1,"14":1,"15":2,"16":1,"17":0,"18":1,"19":1,"20":8,"21":7,"22":3,"23":8,"24":7,"25":4,"26":8,"27":8,"28":1,"29":7,"30":8,"31":4,"32":7,"33":8,"34":8,"35":12,"36":16,"37":12,"38":12,"39":12,"40":12,"41":8,"42":4,"43":12,"44":1,"45":1,"46":1,"47":0,"48":0,"49":1,"50":1},"f":{"0":8,"1":1,"2":1,"3":2,"4":0,"5":1,"6":1,"7":7,"8":3,"9":7,"10":4,"11":8,"12":8,"13":4,"14":8,"15":12,"16":16,"17":1,"18":1},"b":{"0":[4],"1":[0],"2":[1,1],"3":[0,0],"4":[1,0],"5":[7,4],"6":[1],"7":[8,4],"8":[1,0]}}
,"D:\\jabbarp_\\work\\zypsy\\frontend\\src\\components\\Skeleton.tsx": {"path":"D:\\jabbarp_\\work\\zypsy\\frontend\\src\\components\\Skeleton.tsx","statementMap":{"0":{"start":{"line":7,"column":0},"end":{"line":7,"column":24}},"1":{"start":{"line":1,"column":0},"end":{"line":1,"column":24}},"2":{"start":{"line":8,"column":2},"end":{"line":10,"column":4}}},"fnMap":{"0":{"name":"Skeleton","decl":{"start":{"line":7,"column":24},"end":{"line":7,"column":32}},"loc":{"start":{"line":7,"column":61},"end":{"line":11,"column":1}}}},"branchMap":{},"s":{"0":0,"1":0,"2":0},"f":{"0":0},"b":{}}
,"D:\\jabbarp_\\work\\zypsy\\frontend\\src\\components\\StarToggle.tsx": {"path":"D:\\jabbarp_\\work\\zypsy\\frontend\\src\\components\\StarToggle.tsx","statementMap":{"0":{"start":{"line":14,"column":0},"end":{"line":14,"column":24}},"1":{"start":{"line":2,"column":0},"end":{"line":2,"column":57}},"2":{"start":{"line":3,"column":0},"end":{"line":3,"column":59}},"3":{"start":{"line":4,"column":0},"end":{"line":4,"column":24}},"4":{"start":{"line":23,"column":2},"end":{"line":39,"column":3}},"5":{"start":{"line":25,"column":4},"end":{"line":25,"column":31}},"6":{"start":{"line":26,"column":4},"end":{"line":26,"column":30}},"7":{"start":{"line":27,"column":9},"end":{"line":39,"column":3}},"8":{"start":{"line":29,"column":4},"end":{"line":29,"column":34}},"9":{"start":{"line":30,"column":4},"end":{"line":30,"column":30}},"10":{"start":{"line":31,"column":9},"end":{"line":39,"column":3}},"11":{"start":{"line":33,"column":4},"end":{"line":33,"column":31}},"12":{"start":{"line":34,"column":4},"end":{"line":34,"column":32}},"13":{"start":{"line":37,"column":4},"end":{"line":37,"column":34}},"14":{"start":{"line":38,"column":4},"end":{"line":38,"column":32}},"15":{"start":{"line":42,"column":24},"end":{"line":47,"column":3}},"16":{"start":{"line":43,"column":4},"end":{"line":46,"column":5}},"17":{"start":{"line":44,"column":6},"end":{"line":44,"column":25}},"18":{"start":{"line":45,"column":6},"end":{"line":45,"column":17}},"19":{"start":{"line":49,"column":2},"end":{"line":60,"column":4}}},"fnMap":{"0":{"name":"StarToggle","decl":{"start":{"line":14,"column":24},"end":{"line":14,"column":34}},"loc":{"start":{"line":18,"column":18},"end":{"line":61,"column":1}}},"1":{"name":"(anonymous_2)","decl":{"start":{"line":42,"column":24},"end":{"line":42,"column":25}},"loc":{"start":{"line":42,"column":62},"end":{"line":47,"column":3}}}},"branchMap":{"0":{"loc":{"start":{"line":16,"column":2},"end":{"line":16,"column":18}},"type":"default-arg","locations":[{"start":{"line":16,"column":13},"end":{"line":16,"column":18}}]},"1":{"loc":{"start":{"line":23,"column":2},"end":{"line":39,"column":3}},"type":"if","locations":[{"start":{"line":23,"column":2},"end":{"line":39,"column":3}},{"start":{"line":27,"column":9},"end":{"line":39,"column":3}}]},"2":{"loc":{"start":{"line":23,"column":6},"end":{"line":23,"column":24}},"type":"binary-expr","locations":[{"start":{"line":23,"column":6},"end":{"line":23,"column":14}},{"start":{"line":23,"column":18},"end":{"line":23,"column":24}}]},"3":{"loc":{"start":{"line":27,"column":9},"end":{"line":39,"column":3}},"type":"if","locations":[{"start":{"line":27,"column":9},"end":{"line":39,"column":3}},{"start":{"line":31,"column":9},"end":{"line":39,"column":3}}]},"4":{"loc":{"start":{"line":27,"column":13},"end":{"line":27,"column":32}},"type":"binary-expr","locations":[{"start":{"line":27,"column":13},"end":{"line":27,"column":21}},{"start":{"line":27,"column":25},"end":{"line":27,"column":32}}]},"5":{"loc":{"start":{"line":31,"column":9},"end":{"line":39,"column":3}},"type":"if","locations":[{"start":{"line":31,"column":9},"end":{"line":39,"column":3}},{"start":{"line":35,"column":9},"end":{"line":39,"column":3}}]},"6":{"loc":{"start":{"line":31,"column":13},"end":{"line":31,"column":32}},"type":"binary-expr","locations":[{"start":{"line":31,"column":13},"end":{"line":31,"column":22}},{"start":{"line":31,"column":26},"end":{"line":31,"column":32}}]},"7":{"loc":{"start":{"line":43,"column":4},"end":{"line":46,"column":5}},"type":"if","locations":[{"start":{"line":43,"column":4},"end":{"line":46,"column":5}}]},"8":{"loc":{"start":{"line":43,"column":8},"end":{"line":43,"column":42}},"type":"binary-expr","locations":[{"start":{"line":43,"column":8},"end":{"line":43,"column":25}},{"start":{"line":43,"column":29},"end":{"line":43,"column":42}}]},"9":{"loc":{"start":{"line":53,"column":18},"end":{"line":53,"column":68}},"type":"cond-expr","locations":[{"start":{"line":53,"column":27},"end":{"line":53,"column":47}},{"start":{"line":53,"column":50},"end":{"line":53,"column":68}}]}},"s":{"0":3,"1":3,"2":3,"3":3,"4":31,"5":2,"6":2,"7":29,"8":9,"9":9,"10":20,"11":13,"12":13,"13":7,"14":7,"15":31,"16":2,"17":2,"18":2,"19":31},"f":{"0":31,"1":2},"b":{"0":[0],"1":[2,29],"2":[31,11],"3":[9,20],"4":[29,9],"5":[13,7],"6":[20,20],"7":[2],"8":[2,1],"9":[15,16]}}
}
