{"D:\\jabbarp_\\work\\zypsy\\frontend\\src\\api.ts": {"path":"D:\\jabbarp_\\work\\zypsy\\frontend\\src\\api.ts","statementMap":{"0":{"start":{"line":1,"column":0},"end":{"line":1,"column":26}},"1":{"start":{"line":4,"column":13},"end":{"line":6,"column":3}},"2":{"start":{"line":9,"column":29},"end":{"line":10,"column":48}},"3":{"start":{"line":10,"column":2},"end":{"line":10,"column":48}},"4":{"start":{"line":10,"column":39},"end":{"line":10,"column":47}},"5":{"start":{"line":9,"column":13},"end":{"line":9,"column":29}},"6":{"start":{"line":12,"column":30},"end":{"line":20,"column":1}},"7":{"start":{"line":13,"column":2},"end":{"line":19,"column":3}},"8":{"start":{"line":14,"column":16},"end":{"line":14,"column":69}},"9":{"start":{"line":15,"column":4},"end":{"line":15,"column":20}},"10":{"start":{"line":17,"column":4},"end":{"line":17,"column":55}},"11":{"start":{"line":18,"column":4},"end":{"line":18,"column":49}},"12":{"start":{"line":12,"column":13},"end":{"line":12,"column":30}},"13":{"start":{"line":23,"column":34},"end":{"line":24,"column":68}},"14":{"start":{"line":24,"column":2},"end":{"line":24,"column":68}},"15":{"start":{"line":24,"column":59},"end":{"line":24,"column":67}},"16":{"start":{"line":23,"column":13},"end":{"line":23,"column":34}}},"fnMap":{"0":{"name":"(anonymous_1)","decl":{"start":{"line":9,"column":29},"end":{"line":9,"column":53}},"loc":{"start":{"line":10,"column":2},"end":{"line":10,"column":48}}},"1":{"name":"(anonymous_2)","decl":{"start":{"line":10,"column":30},"end":{"line":10,"column":31}},"loc":{"start":{"line":10,"column":39},"end":{"line":10,"column":47}}},"2":{"name":"(anonymous_3)","decl":{"start":{"line":12,"column":30},"end":{"line":12,"column":35}},"loc":{"start":{"line":12,"column":78},"end":{"line":20,"column":1}}},"3":{"name":"(anonymous_4)","decl":{"start":{"line":23,"column":34},"end":{"line":23,"column":35}},"loc":{"start":{"line":24,"column":2},"end":{"line":24,"column":68}}},"4":{"name":"(anonymous_5)","decl":{"start":{"line":24,"column":50},"end":{"line":24,"column":51}},"loc":{"start":{"line":24,"column":59},"end":{"line":24,"column":67}}}},"branchMap":{},"s":{"0":3,"1":3,"2":3,"3":0,"4":0,"5":3,"6":3,"7":0,"8":0,"9":0,"10":0,"11":0,"12":3,"13":3,"14":0,"15":0,"16":3},"f":{"0":0,"1":0,"2":0,"3":0,"4":0},"b":{}}
,"D:\\jabbarp_\\work\\zypsy\\frontend\\src\\components\\PostsList.tsx": {"path":"D:\\jabbarp_\\work\\zypsy\\frontend\\src\\components\\PostsList.tsx","statementMap":{"0":{"start":{"line":24,"column":0},"end":{"line":24,"column":24}},"1":{"start":{"line":1,"column":0},"end":{"line":1,"column":26}},"2":{"start":{"line":2,"column":0},"end":{"line":2,"column":null}},"3":{"start":{"line":7,"column":0},"end":{"line":7,"column":44}},"4":{"start":{"line":8,"column":0},"end":{"line":8,"column":36}},"5":{"start":{"line":9,"column":0},"end":{"line":9,"column":null}},"6":{"start":{"line":15,"column":0},"end":{"line":15,"column":38}},"7":{"start":{"line":16,"column":0},"end":{"line":16,"column":34}},"8":{"start":{"line":17,"column":0},"end":{"line":17,"column":24}},"9":{"start":{"line":28,"column":13},"end":{"line":28,"column":29}},"10":{"start":{"line":29,"column":36},"end":{"line":36,"column":7}},"11":{"start":{"line":38,"column":22},"end":{"line":57,"column":4}},"12":{"start":{"line":40,"column":6},"end":{"line":40,"column":45}},"13":{"start":{"line":41,"column":19},"end":{"line":41,"column":62}},"14":{"start":{"line":42,"column":6},"end":{"line":44,"column":8}},"15":{"start":{"line":43,"column":8},"end":{"line":43,"column":59}},"16":{"start":{"line":43,"column":24},"end":{"line":43,"column":57}},"17":{"start":{"line":45,"column":6},"end":{"line":45,"column":22}},"18":{"start":{"line":48,"column":6},"end":{"line":48,"column":60}},"19":{"start":{"line":49,"column":21},"end":{"line":49,"column":57}},"20":{"start":{"line":51,"column":6},"end":{"line":55,"column":8}},"21":{"start":{"line":59,"column":23},"end":{"line":65,"column":4}},"22":{"start":{"line":60,"column":48},"end":{"line":64,"column":6}},"23":{"start":{"line":62,"column":21},"end":{"line":62,"column":46}},"24":{"start":{"line":67,"column":20},"end":{"line":67,"column":57}},"25":{"start":{"line":67,"column":45},"end":{"line":67,"column":56}},"26":{"start":{"line":69,"column":24},"end":{"line":75,"column":null}},"27":{"start":{"line":72,"column":23},"end":{"line":72,"column":43}},"28":{"start":{"line":73,"column":24},"end":{"line":73,"column":31}},"29":{"start":{"line":74,"column":20},"end":{"line":74,"column":47}},"30":{"start":{"line":78,"column":2},"end":{"line":84,"column":3}},"31":{"start":{"line":79,"column":4},"end":{"line":83,"column":6}},"32":{"start":{"line":86,"column":24},"end":{"line":89,"column":15}},"33":{"start":{"line":87,"column":19},"end":{"line":87,"column":52}},"34":{"start":{"line":88,"column":16},"end":{"line":88,"column":22}},"35":{"start":{"line":91,"column":2},"end":{"line":181,"column":4}},"36":{"start":{"line":101,"column":12},"end":{"line":101,"column":null}},"37":{"start":{"line":106,"column":18},"end":{"line":106,"column":36}},"38":{"start":{"line":114,"column":23},"end":{"line":114,"column":69}},"39":{"start":{"line":115,"column":10},"end":{"line":177,"column":12}},"40":{"start":{"line":126,"column":30},"end":{"line":126,"column":69}},"41":{"start":{"line":126,"column":53},"end":{"line":126,"column":67}},"42":{"start":{"line":127,"column":37},"end":{"line":127,"column":72}},"43":{"start":{"line":128,"column":37},"end":{"line":128,"column":49}},"44":{"start":{"line":132,"column":20},"end":{"line":132,"column":111}},"45":{"start":{"line":135,"column":18},"end":{"line":139,"column":19}},"46":{"start":{"line":136,"column":20},"end":{"line":136,"column":73}},"47":{"start":{"line":138,"column":20},"end":{"line":138,"column":60}},"48":{"start":{"line":142,"column":18},"end":{"line":171,"column":20}},"49":{"start":{"line":146,"column":24},"end":{"line":152,"column":25}},"50":{"start":{"line":147,"column":26},"end":{"line":147,"column":51}},"51":{"start":{"line":148,"column":26},"end":{"line":148,"column":60}},"52":{"start":{"line":150,"column":26},"end":{"line":150,"column":51}},"53":{"start":{"line":151,"column":26},"end":{"line":151,"column":58}},"54":{"start":{"line":163,"column":26},"end":{"line":163,"column":46}},"55":{"start":{"line":164,"column":26},"end":{"line":167,"column":29}}},"fnMap":{"0":{"name":"PostsList","decl":{"start":{"line":24,"column":24},"end":{"line":24,"column":33}},"loc":{"start":{"line":27,"column":8},"end":{"line":182,"column":1}}},"1":{"name":"(anonymous_2)","decl":{"start":{"line":39,"column":14},"end":{"line":39,"column":19}},"loc":{"start":{"line":39,"column":32},"end":{"line":46,"column":5}}},"2":{"name":"(anonymous_3)","decl":{"start":{"line":42,"column":50},"end":{"line":42,"column":51}},"loc":{"start":{"line":43,"column":8},"end":{"line":43,"column":59}}},"3":{"name":"(anonymous_4)","decl":{"start":{"line":43,"column":16},"end":{"line":43,"column":17}},"loc":{"start":{"line":43,"column":24},"end":{"line":43,"column":57}}},"4":{"name":"(anonymous_5)","decl":{"start":{"line":47,"column":13},"end":{"line":47,"column":14}},"loc":{"start":{"line":48,"column":6},"end":{"line":48,"column":60}}},"5":{"name":"(anonymous_6)","decl":{"start":{"line":49,"column":15},"end":{"line":49,"column":18}},"loc":{"start":{"line":49,"column":21},"end":{"line":49,"column":57}}},"6":{"name":"(anonymous_7)","decl":{"start":{"line":50,"column":15},"end":{"line":50,"column":16}},"loc":{"start":{"line":50,"column":23},"end":{"line":56,"column":5}}},"7":{"name":"(anonymous_8)","decl":{"start":{"line":60,"column":36},"end":{"line":60,"column":37}},"loc":{"start":{"line":60,"column":48},"end":{"line":64,"column":6}}},"8":{"name":"(anonymous_9)","decl":{"start":{"line":62,"column":15},"end":{"line":62,"column":18}},"loc":{"start":{"line":62,"column":21},"end":{"line":62,"column":46}}},"9":{"name":"(anonymous_10)","decl":{"start":{"line":67,"column":38},"end":{"line":67,"column":39}},"loc":{"start":{"line":67,"column":45},"end":{"line":67,"column":56}}},"10":{"name":"(anonymous_11)","decl":{"start":{"line":72,"column":16},"end":{"line":72,"column":17}},"loc":{"start":{"line":72,"column":23},"end":{"line":72,"column":43}}},"11":{"name":"(anonymous_12)","decl":{"start":{"line":73,"column":17},"end":{"line":73,"column":18}},"loc":{"start":{"line":73,"column":24},"end":{"line":73,"column":31}}},"12":{"name":"(anonymous_13)","decl":{"start":{"line":74,"column":13},"end":{"line":74,"column":14}},"loc":{"start":{"line":74,"column":20},"end":{"line":74,"column":47}}},"13":{"name":"(anonymous_14)","decl":{"start":{"line":87,"column":12},"end":{"line":87,"column":13}},"loc":{"start":{"line":87,"column":19},"end":{"line":87,"column":52}}},"14":{"name":"(anonymous_15)","decl":{"start":{"line":88,"column":9},"end":{"line":88,"column":10}},"loc":{"start":{"line":88,"column":16},"end":{"line":88,"column":22}}},"15":{"name":"(anonymous_16)","decl":{"start":{"line":100,"column":29},"end":{"line":100,"column":30}},"loc":{"start":{"line":101,"column":12},"end":{"line":101,"column":null}}},"16":{"name":"(anonymous_17)","decl":{"start":{"line":105,"column":35},"end":{"line":105,"column":36}},"loc":{"start":{"line":106,"column":18},"end":{"line":106,"column":36}}},"17":{"name":"(anonymous_18)","decl":{"start":{"line":113,"column":18},"end":{"line":113,"column":19}},"loc":{"start":{"line":113,"column":24},"end":{"line":178,"column":9}}},"18":{"name":"(anonymous_19)","decl":{"start":{"line":125,"column":34},"end":{"line":125,"column":35}},"loc":{"start":{"line":125,"column":44},"end":{"line":172,"column":17}}},"19":{"name":"(anonymous_20)","decl":{"start":{"line":126,"column":46},"end":{"line":126,"column":47}},"loc":{"start":{"line":126,"column":53},"end":{"line":126,"column":67}}},"20":{"name":"(anonymous_21)","decl":{"start":{"line":145,"column":31},"end":{"line":145,"column":34}},"loc":{"start":{"line":145,"column":36},"end":{"line":153,"column":23}}},"21":{"name":"(anonymous_22)","decl":{"start":{"line":162,"column":33},"end":{"line":162,"column":34}},"loc":{"start":{"line":162,"column":39},"end":{"line":168,"column":25}}}},"branchMap":{"0":{"loc":{"start":{"line":29,"column":16},"end":{"line":29,"column":31}},"type":"default-arg","locations":[{"start":{"line":29,"column":29},"end":{"line":29,"column":31}}]},"1":{"loc":{"start":{"line":42,"column":51},"end":{"line":42,"column":59}},"type":"default-arg","locations":[{"start":{"line":42,"column":57},"end":{"line":42,"column":59}}]},"2":{"loc":{"start":{"line":43,"column":24},"end":{"line":43,"column":57}},"type":"cond-expr","locations":[{"start":{"line":43,"column":46},"end":{"line":43,"column":53}},{"start":{"line":43,"column":56},"end":{"line":43,"column":57}}]},"3":{"loc":{"start":{"line":48,"column":6},"end":{"line":48,"column":60}},"type":"binary-expr","locations":[{"start":{"line":48,"column":6},"end":{"line":48,"column":15}},{"start":{"line":48,"column":19},"end":{"line":48,"column":60}}]},"4":{"loc":{"start":{"line":52,"column":8},"end":{"line":54,"column":50}},"type":"cond-expr","locations":[{"start":{"line":53,"column":12},"end":{"line":53,"column":46}},{"start":{"line":54,"column":12},"end":{"line":54,"column":50}}]},"5":{"loc":{"start":{"line":72,"column":23},"end":{"line":72,"column":43}},"type":"binary-expr","locations":[{"start":{"line":72,"column":23},"end":{"line":72,"column":29}},{"start":{"line":72,"column":33},"end":{"line":72,"column":43}}]},"6":{"loc":{"start":{"line":78,"column":2},"end":{"line":84,"column":3}},"type":"if","locations":[{"start":{"line":78,"column":2},"end":{"line":84,"column":3}}]},"7":{"loc":{"start":{"line":98,"column":7},"end":{"line":178,"column":null}},"type":"cond-expr","locations":[{"start":{"line":99,"column":8},"end":{"line":110,"column":null}},{"start":{"line":113,"column":8},"end":{"line":178,"column":10}}]},"8":{"loc":{"start":{"line":135,"column":18},"end":{"line":139,"column":19}},"type":"if","locations":[{"start":{"line":135,"column":18},"end":{"line":139,"column":19}},{"start":{"line":137,"column":25},"end":{"line":139,"column":19}}]},"9":{"loc":{"start":{"line":146,"column":24},"end":{"line":152,"column":25}},"type":"if","locations":[{"start":{"line":146,"column":24},"end":{"line":152,"column":25}},{"start":{"line":149,"column":31},"end":{"line":152,"column":25}}]}},"s":{"0":1,"1":1,"2":1,"3":1,"4":1,"5":1,"6":1,"7":1,"8":1,"9":12,"10":12,"11":12,"12":2,"13":2,"14":2,"15":2,"16":4,"17":2,"18":0,"19":2,"20":2,"21":12,"22":10,"23":4,"24":12,"25":10,"26":12,"27":10,"28":6,"29":12,"30":12,"31":2,"32":10,"33":12,"34":6,"35":10,"36":12,"37":24,"38":12,"39":12,"40":18,"41":24,"42":18,"43":18,"44":18,"45":18,"46":12,"47":6,"48":18,"49":1,"50":1,"51":1,"52":0,"53":0,"54":2,"55":2},"f":{"0":12,"1":2,"2":2,"3":4,"4":0,"5":2,"6":2,"7":10,"8":4,"9":10,"10":10,"11":6,"12":12,"13":12,"14":6,"15":12,"16":24,"17":12,"18":18,"19":24,"20":1,"21":2},"b":{"0":[6],"1":[0],"2":[2,2],"3":[0,0],"4":[2,0],"5":[10,6],"6":[2],"7":[4,6],"8":[12,6],"9":[1,0]}}
,"D:\\jabbarp_\\work\\zypsy\\frontend\\src\\components\\Skeleton.tsx": {"path":"D:\\jabbarp_\\work\\zypsy\\frontend\\src\\components\\Skeleton.tsx","statementMap":{"0":{"start":{"line":7,"column":0},"end":{"line":7,"column":24}},"1":{"start":{"line":1,"column":0},"end":{"line":1,"column":24}},"2":{"start":{"line":8,"column":2},"end":{"line":10,"column":4}}},"fnMap":{"0":{"name":"Skeleton","decl":{"start":{"line":7,"column":24},"end":{"line":7,"column":32}},"loc":{"start":{"line":7,"column":61},"end":{"line":11,"column":1}}}},"branchMap":{},"s":{"0":3,"1":3,"2":67},"f":{"0":67},"b":{}}
}
