TN:
SF:src\App.tsx
FN:7,App
FN:8,(anonymous_11)
FN:13,(anonymous_12)
FN:20,(anonymous_13)
FN:21,(anonymous_14)
FN:22,(anonymous_15)
FNF:6
FNH:0
FNDA:0,App
FNDA:0,(anonymous_11)
FNDA:0,(anonymous_12)
FNDA:0,(anonymous_13)
FNDA:0,(anonymous_14)
FNDA:0,(anonymous_15)
DA:2,0
DA:3,0
DA:4,0
DA:5,0
DA:7,0
DA:8,0
DA:9,0
DA:10,0
DA:13,0
DA:14,0
DA:20,0
DA:21,0
DA:22,0
DA:26,0
LF:14
LH:0
BRDA:10,0,0,0
BRDA:10,0,1,0
BRDA:22,1,0,0
BRDA:22,1,1,0
BRF:4
BRH:0
end_of_record
TN:
SF:src\api.ts
FN:9,(anonymous_1)
FN:10,(anonymous_2)
FN:11,(anonymous_3)
FN:12,(anonymous_4)
FN:15,(anonymous_5)
FN:18,(anonymous_6)
FNF:6
FNH:0
FNDA:0,(anonymous_1)
FNDA:0,(anonymous_2)
FNDA:0,(anonymous_3)
FNDA:0,(anonymous_4)
FNDA:0,(anonymous_5)
FNDA:0,(anonymous_6)
DA:1,2
DA:4,2
DA:9,2
DA:10,0
DA:11,2
DA:12,0
DA:15,2
DA:16,0
DA:18,0
LF:9
LH:5
BRF:0
BRH:0
end_of_record
TN:
SF:src\components\CategoryFilter.tsx
FN:8,CategoryFilter
FN:15,(anonymous_2)
FN:24,(anonymous_3)
FNF:3
FNH:3
FNDA:15,CategoryFilter
FNDA:1,(anonymous_2)
FNDA:2,(anonymous_3)
DA:1,2
DA:8,2
DA:9,15
DA:15,1
DA:24,2
LF:5
LH:5
BRF:0
BRH:0
end_of_record
TN:
SF:src\components\CategoryList.tsx
FN:15,CategoryList
FN:26,(anonymous_11)
FN:29,(anonymous_12)
FN:30,(anonymous_13)
FN:34,(anonymous_14)
FN:37,(anonymous_15)
FN:38,(anonymous_16)
FN:48,(anonymous_17)
FN:56,(anonymous_18)
FN:73,(anonymous_19)
FN:88,(anonymous_20)
FNF:11
FNH:10
FNDA:10,CategoryList
FNDA:1,(anonymous_11)
FNDA:1,(anonymous_12)
FNDA:2,(anonymous_13)
FNDA:0,(anonymous_14)
FNDA:1,(anonymous_15)
FNDA:1,(anonymous_16)
FNDA:2,(anonymous_17)
FNDA:11,(anonymous_18)
FNDA:1,(anonymous_19)
FNDA:1,(anonymous_20)
DA:1,1
DA:2,1
DA:3,1
DA:5,1
DA:6,1
DA:7,1
DA:8,1
DA:15,1
DA:19,10
DA:20,10
DA:25,10
DA:27,1
DA:28,1
DA:29,1
DA:30,2
DA:32,1
DA:35,0
DA:37,1
DA:39,1
DA:45,10
DA:47,10
DA:48,2
DA:51,10
DA:57,11
DA:58,11
DA:61,11
DA:64,11
DA:65,0
DA:67,11
DA:70,11
DA:74,1
DA:75,0
DA:76,0
DA:78,1
DA:79,1
DA:89,1
DA:90,1
LF:37
LH:33
BRDA:20,0,0,4
BRDA:29,1,0,0
BRDA:30,2,0,1
BRDA:30,2,1,1
BRDA:35,3,0,0
BRDA:47,4,0,1
BRDA:47,4,1,9
BRDA:64,5,0,0
BRDA:64,5,1,11
BRDA:74,6,0,0
BRDA:74,6,1,1
BRF:11
BRH:7
end_of_record
TN:
SF:src\components\PostsList.tsx
FN:24,PostsList
FN:40,(anonymous_2)
FN:43,(anonymous_3)
FN:44,(anonymous_4)
FN:48,(anonymous_5)
FN:50,(anonymous_6)
FN:51,(anonymous_7)
FN:62,(anonymous_8)
FN:64,(anonymous_9)
FN:73,(anonymous_10)
FN:74,(anonymous_11)
FN:75,(anonymous_12)
FN:90,(anonymous_13)
FN:91,(anonymous_14)
FN:103,(anonymous_15)
FN:115,(anonymous_16)
FN:116,(anonymous_17)
FN:135,(anonymous_18)
FN:152,(anonymous_19)
FNF:19
FNH:18
FNDA:8,PostsList
FNDA:1,(anonymous_2)
FNDA:1,(anonymous_3)
FNDA:2,(anonymous_4)
FNDA:0,(anonymous_5)
FNDA:1,(anonymous_6)
FNDA:1,(anonymous_7)
FNDA:7,(anonymous_8)
FNDA:3,(anonymous_9)
FNDA:7,(anonymous_10)
FNDA:4,(anonymous_11)
FNDA:8,(anonymous_12)
FNDA:8,(anonymous_13)
FNDA:4,(anonymous_14)
FNDA:8,(anonymous_15)
FNDA:12,(anonymous_16)
FNDA:16,(anonymous_17)
FNDA:1,(anonymous_18)
FNDA:1,(anonymous_19)
DA:2,1
DA:3,1
DA:8,1
DA:9,1
DA:10,1
DA:16,1
DA:17,1
DA:24,1
DA:28,8
DA:29,8
DA:39,8
DA:41,1
DA:42,1
DA:43,1
DA:44,2
DA:46,1
DA:49,0
DA:50,1
DA:52,1
DA:61,8
DA:62,7
DA:64,3
DA:70,8
DA:73,7
DA:74,4
DA:75,8
DA:80,8
DA:81,1
DA:89,7
DA:90,8
DA:91,4
DA:94,7
DA:104,8
DA:105,8
DA:116,16
DA:117,12
DA:118,12
DA:122,12
DA:125,12
DA:126,8
DA:128,4
DA:132,12
DA:136,1
DA:137,1
DA:138,1
DA:140,0
DA:141,0
DA:153,1
DA:154,1
LF:49
LH:46
BRDA:29,0,0,4
BRDA:43,1,0,0
BRDA:44,2,0,1
BRDA:44,2,1,1
BRDA:49,3,0,0
BRDA:49,3,1,0
BRDA:53,4,0,1
BRDA:53,4,1,0
BRDA:73,5,0,7
BRDA:73,5,1,4
BRDA:80,6,0,1
BRDA:125,7,0,8
BRDA:125,7,1,4
BRDA:136,8,0,1
BRDA:136,8,1,0
BRF:15
BRH:10
end_of_record
TN:
SF:src\components\Skeleton.tsx
FN:7,Skeleton
FNF:1
FNH:0
FNDA:0,Skeleton
DA:1,0
DA:7,0
DA:8,0
LF:3
LH:0
BRF:0
BRH:0
end_of_record
TN:
SF:src\components\StarToggle.tsx
FN:14,StarToggle
FN:42,(anonymous_2)
FNF:2
FNH:2
FNDA:31,StarToggle
FNDA:2,(anonymous_2)
DA:2,3
DA:3,3
DA:4,3
DA:14,3
DA:23,31
DA:25,2
DA:26,2
DA:27,29
DA:29,9
DA:30,9
DA:31,20
DA:33,13
DA:34,13
DA:37,7
DA:38,7
DA:42,31
DA:43,2
DA:44,2
DA:45,2
DA:49,31
LF:20
LH:20
BRDA:16,0,0,0
BRDA:23,1,0,2
BRDA:23,1,1,29
BRDA:23,2,0,31
BRDA:23,2,1,11
BRDA:27,3,0,9
BRDA:27,3,1,20
BRDA:27,4,0,29
BRDA:27,4,1,9
BRDA:31,5,0,13
BRDA:31,5,1,7
BRDA:31,6,0,20
BRDA:31,6,1,20
BRDA:43,7,0,2
BRDA:43,8,0,2
BRDA:43,8,1,1
BRDA:53,9,0,15
BRDA:53,9,1,16
BRF:18
BRH:17
end_of_record
